<?xml version="1.0" encoding="UTF-8"?>
<!-- Generated by org.testng.reporters.JUnitReportReporter -->
<testsuite skipped="0" hostname="DESKTOP-EUTT0MK" name="com.qa.crm.testcases.HomePageTest" tests="1" failures="0" timestamp="21 Jun 2019 12:07:22 GMT" time="53.595" errors="0">
  <testcase name="ContactsLink" time="53.595" classname="com.qa.crm.testcases.HomePageTest"/>
</testsuite> <!-- com.qa.crm.testcases.HomePageTest -->
