<?xml version="1.0" encoding="UTF-8"?>
<!-- Generated by org.testng.reporters.JUnitReportReporter -->
<testsuite skipped="0" hostname="DESKTOP-EUTT0MK" name="com.qa.crm.testcases.LoginPageTest" tests="2" failures="0" timestamp="03 Jul 2019 10:15:06 GMT" time="89.360" errors="0">
  <testcase name="LoginPageCheckTest" time="25.320" classname="com.qa.crm.testcases.LoginPageTest"/>
  <testcase name="LoginTest" time="64.040" classname="com.qa.crm.testcases.LoginPageTest"/>
</testsuite> <!-- com.qa.crm.testcases.LoginPageTest -->
